{"/home/samo/login-system/src/controller/ISystem.ts": {"path":"/home/samo/login-system/src/controller/ISystem.ts","statementMap":{"0":{"start":{"line":61,"column":0},"end":{"line":61,"column":null}},"1":{"start":{"line":62,"column":4},"end":{"line":62,"column":null}},"2":{"start":{"line":63,"column":4},"end":{"line":63,"column":null}}},"fnMap":{"0":{"name":"(anonymous_0)","decl":{"start":{"line":61,"column":0},"end":{"line":61,"column":12}},"loc":{"start":{"line":61,"column":18},"end":{"line":64,"column":1}}}},"branchMap":{"0":{"loc":{"start":{"line":61,"column":12},"end":{"line":61,"column":18}},"type":"binary-expr","locations":[{"start":{"line":61,"column":12},"end":{"line":61,"column":18}},{"start":{"line":61,"column":12},"end":{"line":61,"column":null}}]}},"s":{"0":2,"1":2,"2":2},"f":{"0":2},"b":{"0":[2,2]}}
,"/home/samo/login-system/src/controller/System.ts": {"path":"/home/samo/login-system/src/controller/System.ts","statementMap":{"0":{"start":{"line":3,"column":0},"end":{"line":3,"column":34}},"1":{"start":{"line":8,"column":0},"end":{"line":8,"column":null}},"2":{"start":{"line":14,"column":8},"end":{"line":14,"column":24}},"3":{"start":{"line":15,"column":8},"end":{"line":15,"column":30}},"4":{"start":{"line":16,"column":8},"end":{"line":16,"column":39}},"5":{"start":{"line":19,"column":11},"end":{"line":52,"column":null}},"6":{"start":{"line":19,"column":4},"end":{"line":19,"column":11}},"7":{"start":{"line":20,"column":8},"end":{"line":51,"column":11}},"8":{"start":{"line":21,"column":29},"end":{"line":21,"column":110}},"9":{"start":{"line":21,"column":64},"end":{"line":21,"column":97}},"10":{"start":{"line":22,"column":12},"end":{"line":27,"column":null}},"11":{"start":{"line":23,"column":16},"end":{"line":26,"column":19}},"12":{"start":{"line":29,"column":29},"end":{"line":29,"column":104}},"13":{"start":{"line":29,"column":58},"end":{"line":29,"column":91}},"14":{"start":{"line":30,"column":12},"end":{"line":35,"column":null}},"15":{"start":{"line":31,"column":16},"end":{"line":34,"column":19}},"16":{"start":{"line":37,"column":25},"end":{"line":37,"column":91}},"17":{"start":{"line":37,"column":54},"end":{"line":37,"column":87}},"18":{"start":{"line":38,"column":12},"end":{"line":49,"column":null}},"19":{"start":{"line":39,"column":16},"end":{"line":39,"column":44}},"20":{"start":{"line":40,"column":16},"end":{"line":43,"column":19}},"21":{"start":{"line":45,"column":16},"end":{"line":48,"column":19}},"22":{"start":{"line":53,"column":11},"end":{"line":74,"column":null}},"23":{"start":{"line":53,"column":4},"end":{"line":53,"column":11}},"24":{"start":{"line":54,"column":8},"end":{"line":73,"column":11}},"25":{"start":{"line":55,"column":30},"end":{"line":55,"column":111}},"26":{"start":{"line":55,"column":65},"end":{"line":55,"column":98}},"27":{"start":{"line":56,"column":12},"end":{"line":72,"column":null}},"28":{"start":{"line":57,"column":16},"end":{"line":60,"column":19}},"29":{"start":{"line":62,"column":16},"end":{"line":71,"column":null}},"30":{"start":{"line":62,"column":29},"end":{"line":62,"column":30}},"31":{"start":{"line":63,"column":20},"end":{"line":70,"column":null}},"32":{"start":{"line":64,"column":24},"end":{"line":64,"column":54}},"33":{"start":{"line":65,"column":24},"end":{"line":68,"column":27}},"34":{"start":{"line":69,"column":24},"end":{"line":69,"column":30}},"35":{"start":{"line":76,"column":11},"end":{"line":99,"column":null}},"36":{"start":{"line":76,"column":4},"end":{"line":76,"column":11}},"37":{"start":{"line":77,"column":8},"end":{"line":98,"column":11}},"38":{"start":{"line":77,"column":49},"end":{"line":98,"column":10}},"39":{"start":{"line":79,"column":16},"end":{"line":79,"column":47}},"40":{"start":{"line":80,"column":22},"end":{"line":80,"column":54}},"41":{"start":{"line":81,"column":16},"end":{"line":93,"column":null}},"42":{"start":{"line":81,"column":48},"end":{"line":81,"column":81}},"43":{"start":{"line":83,"column":20},"end":{"line":83,"column":42}},"44":{"start":{"line":84,"column":20},"end":{"line":87,"column":null}},"45":{"start":{"line":89,"column":20},"end":{"line":92,"column":23}},"46":{"start":{"line":96,"column":16},"end":{"line":96,"column":28}},"47":{"start":{"line":101,"column":11},"end":{"line":159,"column":null}},"48":{"start":{"line":101,"column":4},"end":{"line":101,"column":11}},"49":{"start":{"line":102,"column":8},"end":{"line":158,"column":null}},"50":{"start":{"line":102,"column":49},"end":{"line":158,"column":10}},"51":{"start":{"line":103,"column":18},"end":{"line":104,"column":78}},"52":{"start":{"line":104,"column":44},"end":{"line":104,"column":77}},"53":{"start":{"line":107,"column":12},"end":{"line":112,"column":null}},"54":{"start":{"line":108,"column":16},"end":{"line":111,"column":19}},"55":{"start":{"line":116,"column":16},"end":{"line":116,"column":47}},"56":{"start":{"line":118,"column":16},"end":{"line":118,"column":28}},"57":{"start":{"line":122,"column":18},"end":{"line":123,"column":92}},"58":{"start":{"line":123,"column":45},"end":{"line":123,"column":91}},"59":{"start":{"line":125,"column":12},"end":{"line":132,"column":null}},"60":{"start":{"line":126,"column":16},"end":{"line":131,"column":null}},"61":{"start":{"line":127,"column":20},"end":{"line":130,"column":23}},"62":{"start":{"line":136,"column":12},"end":{"line":157,"column":null}},"63":{"start":{"line":137,"column":16},"end":{"line":156,"column":null}},"64":{"start":{"line":138,"column":20},"end":{"line":148,"column":null}},"65":{"start":{"line":150,"column":20},"end":{"line":153,"column":23}},"66":{"start":{"line":155,"column":20},"end":{"line":155,"column":26}},"67":{"start":{"line":161,"column":11},"end":{"line":189,"column":null}},"68":{"start":{"line":161,"column":4},"end":{"line":161,"column":11}},"69":{"start":{"line":162,"column":8},"end":{"line":188,"column":null}},"70":{"start":{"line":164,"column":16},"end":{"line":164,"column":77}},"71":{"start":{"line":164,"column":44},"end":{"line":164,"column":77}},"72":{"start":{"line":167,"column":12},"end":{"line":172,"column":null}},"73":{"start":{"line":168,"column":16},"end":{"line":171,"column":19}},"74":{"start":{"line":175,"column":12},"end":{"line":187,"column":null}},"75":{"start":{"line":175,"column":25},"end":{"line":175,"column":26}},"76":{"start":{"line":176,"column":16},"end":{"line":186,"column":null}},"77":{"start":{"line":178,"column":20},"end":{"line":178,"column":44}},"78":{"start":{"line":180,"column":20},"end":{"line":183,"column":23}},"79":{"start":{"line":185,"column":20},"end":{"line":185,"column":26}},"80":{"start":{"line":190,"column":0},"end":{"line":190,"column":null}}},"fnMap":{"0":{"name":"(anonymous_14)","decl":{"start":{"line":8,"column":0},"end":{"line":8,"column":null}},"loc":{"start":{"line":8,"column":0},"end":{"line":190,"column":null}}},"1":{"name":"System","decl":{"start":{"line":13,"column":4},"end":{"line":13,"column":null}},"loc":{"start":{"line":13,"column":4},"end":{"line":17,"column":5}}},"2":{"name":"(anonymous_16)","decl":{"start":{"line":19,"column":4},"end":{"line":19,"column":11}},"loc":{"start":{"line":19,"column":51},"end":{"line":52,"column":5}}},"3":{"name":"(anonymous_17)","decl":{"start":{"line":20,"column":27},"end":{"line":20,"column":28}},"loc":{"start":{"line":20,"column":43},"end":{"line":51,"column":9}}},"4":{"name":"(anonymous_18)","decl":{"start":{"line":21,"column":54},"end":{"line":21,"column":55}},"loc":{"start":{"line":21,"column":59},"end":{"line":21,"column":68}}},"5":{"name":"(anonymous_19)","decl":{"start":{"line":29,"column":48},"end":{"line":29,"column":49}},"loc":{"start":{"line":29,"column":53},"end":{"line":29,"column":62}}},"6":{"name":"(anonymous_20)","decl":{"start":{"line":37,"column":44},"end":{"line":37,"column":45}},"loc":{"start":{"line":37,"column":49},"end":{"line":37,"column":58}}},"7":{"name":"(anonymous_21)","decl":{"start":{"line":53,"column":4},"end":{"line":53,"column":11}},"loc":{"start":{"line":53,"column":34},"end":{"line":74,"column":5}}},"8":{"name":"(anonymous_22)","decl":{"start":{"line":54,"column":27},"end":{"line":54,"column":28}},"loc":{"start":{"line":54,"column":43},"end":{"line":73,"column":9}}},"9":{"name":"(anonymous_23)","decl":{"start":{"line":55,"column":55},"end":{"line":55,"column":56}},"loc":{"start":{"line":55,"column":60},"end":{"line":55,"column":69}}},"10":{"name":"(anonymous_24)","decl":{"start":{"line":76,"column":4},"end":{"line":76,"column":11}},"loc":{"start":{"line":76,"column":30},"end":{"line":99,"column":5}}},"11":{"name":"(anonymous_25)","decl":{"start":{"line":77,"column":27},"end":{"line":77,"column":34}},"loc":{"start":{"line":77,"column":49},"end":{"line":98,"column":10}}},"12":{"name":"(anonymous_26)","decl":{"start":{"line":77,"column":49},"end":{"line":77,"column":null}},"loc":{"start":{"line":77,"column":49},"end":{"line":98,"column":10}}},"13":{"name":"(anonymous_28)","decl":{"start":{"line":81,"column":38},"end":{"line":81,"column":39}},"loc":{"start":{"line":81,"column":43},"end":{"line":81,"column":52}}},"14":{"name":"(anonymous_29)","decl":{"start":{"line":101,"column":4},"end":{"line":101,"column":11}},"loc":{"start":{"line":101,"column":51},"end":{"line":159,"column":5}}},"15":{"name":"(anonymous_30)","decl":{"start":{"line":102,"column":27},"end":{"line":102,"column":34}},"loc":{"start":{"line":102,"column":49},"end":{"line":158,"column":10}}},"16":{"name":"(anonymous_31)","decl":{"start":{"line":102,"column":49},"end":{"line":102,"column":null}},"loc":{"start":{"line":102,"column":49},"end":{"line":158,"column":10}}},"17":{"name":"(anonymous_33)","decl":{"start":{"line":104,"column":34},"end":{"line":104,"column":35}},"loc":{"start":{"line":104,"column":39},"end":{"line":104,"column":48}}},"18":{"name":"(anonymous_34)","decl":{"start":{"line":123,"column":34},"end":{"line":123,"column":35}},"loc":{"start":{"line":123,"column":40},"end":{"line":123,"column":50}}},"19":{"name":"(anonymous_35)","decl":{"start":{"line":161,"column":4},"end":{"line":161,"column":11}},"loc":{"start":{"line":161,"column":38},"end":{"line":189,"column":5}}},"20":{"name":"(anonymous_36)","decl":{"start":{"line":162,"column":27},"end":{"line":162,"column":28}},"loc":{"start":{"line":162,"column":43},"end":{"line":188,"column":9}}},"21":{"name":"(anonymous_37)","decl":{"start":{"line":164,"column":34},"end":{"line":164,"column":35}},"loc":{"start":{"line":164,"column":39},"end":{"line":164,"column":48}}}},"branchMap":{"0":{"loc":{"start":{"line":22,"column":12},"end":{"line":27,"column":null}},"type":"if","locations":[{"start":{"line":22,"column":12},"end":{"line":27,"column":null}},{"start":{"line":22,"column":12},"end":{"line":27,"column":null}}]},"1":{"loc":{"start":{"line":30,"column":12},"end":{"line":35,"column":null}},"type":"if","locations":[{"start":{"line":30,"column":12},"end":{"line":35,"column":null}},{"start":{"line":30,"column":12},"end":{"line":35,"column":null}}]},"2":{"loc":{"start":{"line":38,"column":12},"end":{"line":49,"column":null}},"type":"if","locations":[{"start":{"line":38,"column":12},"end":{"line":49,"column":null}},{"start":{"line":38,"column":12},"end":{"line":49,"column":null}}]},"3":{"loc":{"start":{"line":56,"column":12},"end":{"line":72,"column":null}},"type":"if","locations":[{"start":{"line":56,"column":12},"end":{"line":72,"column":null}},{"start":{"line":56,"column":12},"end":{"line":72,"column":null}}]},"4":{"loc":{"start":{"line":63,"column":20},"end":{"line":70,"column":null}},"type":"if","locations":[{"start":{"line":63,"column":20},"end":{"line":70,"column":null}},{"start":{"line":63,"column":20},"end":{"line":70,"column":null}}]},"5":{"loc":{"start":{"line":81,"column":16},"end":{"line":93,"column":null}},"type":"if","locations":[{"start":{"line":81,"column":16},"end":{"line":93,"column":null}},{"start":{"line":81,"column":16},"end":{"line":93,"column":null}}]},"6":{"loc":{"start":{"line":107,"column":12},"end":{"line":112,"column":null}},"type":"if","locations":[{"start":{"line":107,"column":12},"end":{"line":112,"column":null}},{"start":{"line":107,"column":12},"end":{"line":112,"column":null}}]},"7":{"loc":{"start":{"line":125,"column":12},"end":{"line":132,"column":null}},"type":"if","locations":[{"start":{"line":125,"column":12},"end":{"line":132,"column":null}},{"start":{"line":125,"column":12},"end":{"line":132,"column":null}}]},"8":{"loc":{"start":{"line":126,"column":16},"end":{"line":131,"column":null}},"type":"if","locations":[{"start":{"line":126,"column":16},"end":{"line":131,"column":null}},{"start":{"line":126,"column":16},"end":{"line":131,"column":null}}]},"9":{"loc":{"start":{"line":137,"column":16},"end":{"line":156,"column":null}},"type":"if","locations":[{"start":{"line":137,"column":16},"end":{"line":156,"column":null}},{"start":{"line":137,"column":16},"end":{"line":156,"column":null}}]},"10":{"loc":{"start":{"line":167,"column":12},"end":{"line":172,"column":null}},"type":"if","locations":[{"start":{"line":167,"column":12},"end":{"line":172,"column":null}},{"start":{"line":167,"column":12},"end":{"line":172,"column":null}}]},"11":{"loc":{"start":{"line":176,"column":16},"end":{"line":186,"column":null}},"type":"if","locations":[{"start":{"line":176,"column":16},"end":{"line":186,"column":null}},{"start":{"line":176,"column":16},"end":{"line":186,"column":null}}]}},"s":{"0":1,"1":1,"2":14,"3":14,"4":14,"5":1,"6":7,"7":7,"8":7,"9":1,"10":7,"11":1,"12":7,"13":7,"14":7,"15":1,"16":7,"17":7,"18":7,"19":5,"20":5,"21":1,"22":1,"23":2,"24":2,"25":2,"26":2,"27":2,"28":1,"29":1,"30":1,"31":1,"32":1,"33":1,"34":1,"35":1,"36":21,"37":21,"38":21,"39":42,"40":20,"41":20,"42":6,"43":19,"44":19,"45":1,"46":1,"47":1,"48":5,"49":5,"50":5,"51":5,"52":10,"53":5,"54":1,"55":10,"56":1,"57":5,"58":10,"59":5,"60":2,"61":1,"62":5,"63":6,"64":4,"65":4,"66":4,"67":1,"68":2,"69":2,"70":2,"71":2,"72":2,"73":1,"74":2,"75":2,"76":2,"77":1,"78":1,"79":1,"80":1},"f":{"0":1,"1":14,"2":7,"3":7,"4":1,"5":7,"6":7,"7":2,"8":2,"9":2,"10":21,"11":21,"12":21,"13":6,"14":5,"15":5,"16":5,"17":10,"18":10,"19":2,"20":2,"21":2},"b":{"0":[1,6],"1":[1,6],"2":[5,1],"3":[1,1],"4":[1,0],"5":[19,1],"6":[1,4],"7":[2,3],"8":[1,1],"9":[4,2],"10":[1,1],"11":[1,1]}}
,"/home/samo/login-system/src/controller/Validate.ts": {"path":"/home/samo/login-system/src/controller/Validate.ts","statementMap":{"0":{"start":{"line":8,"column":0},"end":{"line":8,"column":null}},"1":{"start":{"line":10,"column":11},"end":{"line":29,"column":null}},"2":{"start":{"line":10,"column":4},"end":{"line":10,"column":11}},"3":{"start":{"line":11,"column":8},"end":{"line":28,"column":null}},"4":{"start":{"line":11,"column":49},"end":{"line":28,"column":10}},"5":{"start":{"line":13,"column":16},"end":{"line":13,"column":49}},"6":{"start":{"line":14,"column":16},"end":{"line":14,"column":48}},"7":{"start":{"line":15,"column":16},"end":{"line":15,"column":52}},"8":{"start":{"line":16,"column":16},"end":{"line":16,"column":58}},"9":{"start":{"line":17,"column":16},"end":{"line":17,"column":58}},"10":{"start":{"line":18,"column":16},"end":{"line":18,"column":52}},"11":{"start":{"line":20,"column":16},"end":{"line":23,"column":19}},"12":{"start":{"line":26,"column":16},"end":{"line":26,"column":28}},"13":{"start":{"line":31,"column":12},"end":{"line":45,"column":null}},"14":{"start":{"line":32,"column":8},"end":{"line":44,"column":11}},"15":{"start":{"line":33,"column":12},"end":{"line":43,"column":null}},"16":{"start":{"line":34,"column":16},"end":{"line":37,"column":19}},"17":{"start":{"line":39,"column":16},"end":{"line":42,"column":19}},"18":{"start":{"line":47,"column":12},"end":{"line":70,"column":null}},"19":{"start":{"line":48,"column":8},"end":{"line":69,"column":11}},"20":{"start":{"line":49,"column":29},"end":{"line":49,"column":44}},"21":{"start":{"line":50,"column":29},"end":{"line":51,"column":87}},"22":{"start":{"line":53,"column":26},"end":{"line":53,"column":37}},"23":{"start":{"line":54,"column":26},"end":{"line":54,"column":47}},"24":{"start":{"line":55,"column":26},"end":{"line":55,"column":47}},"25":{"start":{"line":57,"column":12},"end":{"line":67,"column":null}},"26":{"start":{"line":58,"column":16},"end":{"line":61,"column":19}},"27":{"start":{"line":63,"column":16},"end":{"line":66,"column":19}},"28":{"start":{"line":72,"column":12},"end":{"line":86,"column":null}},"29":{"start":{"line":73,"column":8},"end":{"line":85,"column":11}},"30":{"start":{"line":74,"column":12},"end":{"line":84,"column":null}},"31":{"start":{"line":75,"column":16},"end":{"line":78,"column":19}},"32":{"start":{"line":80,"column":16},"end":{"line":83,"column":19}},"33":{"start":{"line":88,"column":12},"end":{"line":102,"column":null}},"34":{"start":{"line":89,"column":8},"end":{"line":101,"column":null}},"35":{"start":{"line":90,"column":12},"end":{"line":100,"column":null}},"36":{"start":{"line":91,"column":16},"end":{"line":94,"column":19}},"37":{"start":{"line":96,"column":16},"end":{"line":99,"column":19}},"38":{"start":{"line":104,"column":12},"end":{"line":118,"column":null}},"39":{"start":{"line":105,"column":8},"end":{"line":117,"column":11}},"40":{"start":{"line":106,"column":12},"end":{"line":116,"column":null}},"41":{"start":{"line":107,"column":16},"end":{"line":110,"column":19}},"42":{"start":{"line":112,"column":16},"end":{"line":115,"column":19}},"43":{"start":{"line":119,"column":0},"end":{"line":119,"column":null}}},"fnMap":{"0":{"name":"(anonymous_13)","decl":{"start":{"line":8,"column":0},"end":{"line":8,"column":null}},"loc":{"start":{"line":8,"column":0},"end":{"line":119,"column":null}}},"1":{"name":"(anonymous_15)","decl":{"start":{"line":10,"column":4},"end":{"line":10,"column":11}},"loc":{"start":{"line":10,"column":27},"end":{"line":29,"column":5}}},"2":{"name":"(anonymous_16)","decl":{"start":{"line":11,"column":27},"end":{"line":11,"column":34}},"loc":{"start":{"line":11,"column":49},"end":{"line":28,"column":10}}},"3":{"name":"(anonymous_17)","decl":{"start":{"line":11,"column":49},"end":{"line":11,"column":null}},"loc":{"start":{"line":11,"column":49},"end":{"line":28,"column":10}}},"4":{"name":"(anonymous_19)","decl":{"start":{"line":31,"column":4},"end":{"line":31,"column":12}},"loc":{"start":{"line":31,"column":29},"end":{"line":45,"column":5}}},"5":{"name":"(anonymous_20)","decl":{"start":{"line":32,"column":27},"end":{"line":32,"column":28}},"loc":{"start":{"line":32,"column":43},"end":{"line":44,"column":9}}},"6":{"name":"(anonymous_21)","decl":{"start":{"line":47,"column":4},"end":{"line":47,"column":12}},"loc":{"start":{"line":47,"column":29},"end":{"line":70,"column":5}}},"7":{"name":"(anonymous_22)","decl":{"start":{"line":48,"column":27},"end":{"line":48,"column":28}},"loc":{"start":{"line":48,"column":43},"end":{"line":69,"column":9}}},"8":{"name":"(anonymous_23)","decl":{"start":{"line":72,"column":4},"end":{"line":72,"column":12}},"loc":{"start":{"line":72,"column":37},"end":{"line":86,"column":5}}},"9":{"name":"(anonymous_24)","decl":{"start":{"line":73,"column":27},"end":{"line":73,"column":28}},"loc":{"start":{"line":73,"column":43},"end":{"line":85,"column":9}}},"10":{"name":"(anonymous_25)","decl":{"start":{"line":88,"column":4},"end":{"line":88,"column":12}},"loc":{"start":{"line":88,"column":37},"end":{"line":102,"column":5}}},"11":{"name":"(anonymous_26)","decl":{"start":{"line":89,"column":27},"end":{"line":89,"column":28}},"loc":{"start":{"line":89,"column":43},"end":{"line":101,"column":9}}},"12":{"name":"(anonymous_27)","decl":{"start":{"line":104,"column":4},"end":{"line":104,"column":12}},"loc":{"start":{"line":104,"column":31},"end":{"line":118,"column":5}}},"13":{"name":"(anonymous_28)","decl":{"start":{"line":105,"column":27},"end":{"line":105,"column":28}},"loc":{"start":{"line":105,"column":43},"end":{"line":117,"column":9}}}},"branchMap":{"0":{"loc":{"start":{"line":33,"column":12},"end":{"line":43,"column":null}},"type":"if","locations":[{"start":{"line":33,"column":12},"end":{"line":43,"column":null}},{"start":{"line":33,"column":12},"end":{"line":43,"column":null}}]},"1":{"loc":{"start":{"line":33,"column":16},"end":{"line":33,"column":40}},"type":"binary-expr","locations":[{"start":{"line":33,"column":16},"end":{"line":33,"column":40}},{"start":{"line":33,"column":44},"end":{"line":33,"column":60}},{"start":{"line":33,"column":64},"end":{"line":33,"column":81}}]},"2":{"loc":{"start":{"line":57,"column":12},"end":{"line":67,"column":null}},"type":"if","locations":[{"start":{"line":57,"column":12},"end":{"line":67,"column":null}},{"start":{"line":57,"column":12},"end":{"line":67,"column":null}}]},"3":{"loc":{"start":{"line":57,"column":16},"end":{"line":57,"column":38}},"type":"binary-expr","locations":[{"start":{"line":57,"column":16},"end":{"line":57,"column":38}},{"start":{"line":57,"column":42},"end":{"line":57,"column":50}},{"start":{"line":57,"column":54},"end":{"line":57,"column":63}},{"start":{"line":57,"column":67},"end":{"line":57,"column":79}},{"start":{"line":57,"column":83},"end":{"line":57,"column":95}}]},"4":{"loc":{"start":{"line":74,"column":12},"end":{"line":84,"column":null}},"type":"if","locations":[{"start":{"line":74,"column":12},"end":{"line":84,"column":null}},{"start":{"line":74,"column":12},"end":{"line":84,"column":null}}]},"5":{"loc":{"start":{"line":74,"column":16},"end":{"line":74,"column":47}},"type":"binary-expr","locations":[{"start":{"line":74,"column":16},"end":{"line":74,"column":47}},{"start":{"line":74,"column":51},"end":{"line":74,"column":71}},{"start":{"line":74,"column":75},"end":{"line":74,"column":96}}]},"6":{"loc":{"start":{"line":90,"column":12},"end":{"line":100,"column":null}},"type":"if","locations":[{"start":{"line":90,"column":12},"end":{"line":100,"column":null}},{"start":{"line":90,"column":12},"end":{"line":100,"column":null}}]},"7":{"loc":{"start":{"line":90,"column":16},"end":{"line":90,"column":38}},"type":"binary-expr","locations":[{"start":{"line":90,"column":16},"end":{"line":90,"column":38}},{"start":{"line":90,"column":42},"end":{"line":90,"column":62}},{"start":{"line":90,"column":66},"end":{"line":90,"column":87}}]},"8":{"loc":{"start":{"line":106,"column":12},"end":{"line":116,"column":null}},"type":"if","locations":[{"start":{"line":106,"column":12},"end":{"line":116,"column":null}},{"start":{"line":106,"column":12},"end":{"line":116,"column":null}}]},"9":{"loc":{"start":{"line":106,"column":16},"end":{"line":106,"column":43}},"type":"binary-expr","locations":[{"start":{"line":106,"column":16},"end":{"line":106,"column":43}},{"start":{"line":106,"column":47},"end":{"line":106,"column":75}},{"start":{"line":106,"column":79},"end":{"line":106,"column":107}}]}},"s":{"0":2,"1":2,"2":46,"3":46,"4":46,"5":92,"6":90,"7":86,"8":74,"9":68,"10":60,"11":28,"12":18,"13":2,"14":91,"15":91,"16":88,"17":3,"18":2,"19":43,"20":43,"21":43,"22":43,"23":43,"24":43,"25":43,"26":37,"27":6,"28":2,"29":37,"30":37,"31":34,"32":3,"33":2,"34":34,"35":34,"36":30,"37":4,"38":2,"39":30,"40":30,"41":28,"42":2,"43":2},"f":{"0":36,"1":46,"2":46,"3":46,"4":91,"5":91,"6":43,"7":43,"8":37,"9":37,"10":34,"11":34,"12":30,"13":30},"b":{"0":[88,3],"1":[91,90,88],"2":[37,6],"3":[43,37,37,37,37],"4":[34,3],"5":[37,36,35],"6":[30,4],"7":[34,32,31],"8":[28,2],"9":[30,30,29]}}
}
