{"/home/samo/login-system/src/controller/ISystem.ts": {"path":"/home/samo/login-system/src/controller/ISystem.ts","statementMap":{"0":{"start":{"line":60,"column":0},"end":{"line":60,"column":null}},"1":{"start":{"line":61,"column":4},"end":{"line":61,"column":null}},"2":{"start":{"line":62,"column":4},"end":{"line":62,"column":null}}},"fnMap":{"0":{"name":"(anonymous_0)","decl":{"start":{"line":60,"column":0},"end":{"line":60,"column":12}},"loc":{"start":{"line":60,"column":18},"end":{"line":63,"column":1}}}},"branchMap":{"0":{"loc":{"start":{"line":60,"column":12},"end":{"line":60,"column":18}},"type":"binary-expr","locations":[{"start":{"line":60,"column":12},"end":{"line":60,"column":18}},{"start":{"line":60,"column":12},"end":{"line":60,"column":null}}]}},"s":{"0":1,"1":1,"2":1},"f":{"0":1},"b":{"0":[1,1]}}
,"/home/samo/login-system/src/controller/Validate.ts": {"path":"/home/samo/login-system/src/controller/Validate.ts","statementMap":{"0":{"start":{"line":9,"column":0},"end":{"line":9,"column":null}},"1":{"start":{"line":10,"column":11},"end":{"line":29,"column":null}},"2":{"start":{"line":10,"column":4},"end":{"line":10,"column":11}},"3":{"start":{"line":11,"column":8},"end":{"line":28,"column":null}},"4":{"start":{"line":11,"column":49},"end":{"line":28,"column":10}},"5":{"start":{"line":13,"column":16},"end":{"line":13,"column":49}},"6":{"start":{"line":14,"column":16},"end":{"line":14,"column":48}},"7":{"start":{"line":15,"column":16},"end":{"line":15,"column":52}},"8":{"start":{"line":16,"column":16},"end":{"line":16,"column":58}},"9":{"start":{"line":17,"column":16},"end":{"line":17,"column":58}},"10":{"start":{"line":18,"column":16},"end":{"line":18,"column":52}},"11":{"start":{"line":20,"column":16},"end":{"line":23,"column":19}},"12":{"start":{"line":26,"column":16},"end":{"line":26,"column":28}},"13":{"start":{"line":31,"column":12},"end":{"line":45,"column":null}},"14":{"start":{"line":32,"column":8},"end":{"line":44,"column":11}},"15":{"start":{"line":33,"column":12},"end":{"line":43,"column":null}},"16":{"start":{"line":34,"column":16},"end":{"line":37,"column":19}},"17":{"start":{"line":39,"column":16},"end":{"line":42,"column":19}},"18":{"start":{"line":47,"column":12},"end":{"line":49,"column":null}},"19":{"start":{"line":48,"column":8},"end":{"line":48,"column":51}},"20":{"start":{"line":51,"column":12},"end":{"line":65,"column":null}},"21":{"start":{"line":52,"column":8},"end":{"line":64,"column":11}},"22":{"start":{"line":53,"column":12},"end":{"line":63,"column":null}},"23":{"start":{"line":54,"column":16},"end":{"line":57,"column":19}},"24":{"start":{"line":59,"column":16},"end":{"line":62,"column":19}},"25":{"start":{"line":67,"column":12},"end":{"line":69,"column":null}},"26":{"start":{"line":68,"column":8},"end":{"line":68,"column":51}},"27":{"start":{"line":71,"column":12},"end":{"line":73,"column":null}},"28":{"start":{"line":72,"column":8},"end":{"line":72,"column":51}},"29":{"start":{"line":74,"column":0},"end":{"line":74,"column":null}}},"fnMap":{"0":{"name":"(anonymous_13)","decl":{"start":{"line":9,"column":0},"end":{"line":9,"column":null}},"loc":{"start":{"line":9,"column":0},"end":{"line":74,"column":null}}},"1":{"name":"(anonymous_15)","decl":{"start":{"line":10,"column":4},"end":{"line":10,"column":11}},"loc":{"start":{"line":10,"column":31},"end":{"line":29,"column":5}}},"2":{"name":"(anonymous_16)","decl":{"start":{"line":11,"column":27},"end":{"line":11,"column":34}},"loc":{"start":{"line":11,"column":49},"end":{"line":28,"column":10}}},"3":{"name":"(anonymous_17)","decl":{"start":{"line":11,"column":49},"end":{"line":11,"column":null}},"loc":{"start":{"line":11,"column":49},"end":{"line":28,"column":10}}},"4":{"name":"(anonymous_19)","decl":{"start":{"line":31,"column":4},"end":{"line":31,"column":12}},"loc":{"start":{"line":31,"column":29},"end":{"line":45,"column":5}}},"5":{"name":"(anonymous_20)","decl":{"start":{"line":32,"column":27},"end":{"line":32,"column":28}},"loc":{"start":{"line":32,"column":43},"end":{"line":44,"column":9}}},"6":{"name":"(anonymous_21)","decl":{"start":{"line":47,"column":4},"end":{"line":47,"column":12}},"loc":{"start":{"line":47,"column":29},"end":{"line":49,"column":5}}},"7":{"name":"(anonymous_22)","decl":{"start":{"line":51,"column":4},"end":{"line":51,"column":12}},"loc":{"start":{"line":51,"column":33},"end":{"line":65,"column":5}}},"8":{"name":"(anonymous_23)","decl":{"start":{"line":52,"column":27},"end":{"line":52,"column":28}},"loc":{"start":{"line":52,"column":43},"end":{"line":64,"column":9}}},"9":{"name":"(anonymous_24)","decl":{"start":{"line":67,"column":4},"end":{"line":67,"column":12}},"loc":{"start":{"line":67,"column":33},"end":{"line":69,"column":5}}},"10":{"name":"(anonymous_25)","decl":{"start":{"line":71,"column":4},"end":{"line":71,"column":12}},"loc":{"start":{"line":71,"column":30},"end":{"line":73,"column":5}}}},"branchMap":{"0":{"loc":{"start":{"line":33,"column":12},"end":{"line":43,"column":null}},"type":"if","locations":[{"start":{"line":33,"column":12},"end":{"line":43,"column":null}},{"start":{"line":33,"column":12},"end":{"line":43,"column":null}}]},"1":{"loc":{"start":{"line":53,"column":12},"end":{"line":63,"column":null}},"type":"if","locations":[{"start":{"line":53,"column":12},"end":{"line":63,"column":null}},{"start":{"line":53,"column":12},"end":{"line":63,"column":null}}]}},"s":{"0":1,"1":1,"2":20,"3":20,"4":20,"5":40,"6":0,"7":0,"8":0,"9":0,"10":0,"11":0,"12":20,"13":1,"14":20,"15":20,"16":0,"17":20,"18":1,"19":0,"20":1,"21":0,"22":0,"23":0,"24":0,"25":1,"26":0,"27":1,"28":0,"29":1},"f":{"0":21,"1":20,"2":20,"3":20,"4":20,"5":20,"6":0,"7":0,"8":0,"9":0,"10":0},"b":{"0":[0,20],"1":[0,0]}}
}
