TN:
SF:src/controller/ISystem.ts
FN:85,(anonymous_0)
FNF:1
FNH:1
FNDA:3,(anonymous_0)
DA:85,3
DA:86,3
DA:87,3
LF:3
LH:3
BRDA:85,0,0,3
BRDA:85,0,1,3
BRF:2
BRH:2
end_of_record
TN:
SF:src/controller/System.ts
FN:9,(anonymous_14)
FN:21,System
FN:27,(anonymous_16)
FN:28,(anonymous_17)
FN:28,(anonymous_18)
FN:32,(anonymous_19)
FN:33,(anonymous_20)
FN:34,(anonymous_21)
FN:36,(anonymous_22)
FN:42,(anonymous_23)
FN:43,(anonymous_24)
FN:44,(anonymous_25)
FN:46,(anonymous_26)
FN:52,(anonymous_27)
FN:53,(anonymous_28)
FN:62,(anonymous_29)
FN:63,(anonymous_30)
FN:72,(anonymous_31)
FN:73,(anonymous_32)
FN:74,(anonymous_33)
FN:82,(anonymous_34)
FN:90,(anonymous_35)
FN:107,(anonymous_36)
FN:108,(anonymous_37)
FN:109,(anonymous_38)
FN:130,(anonymous_39)
FN:131,(anonymous_40)
FN:131,(anonymous_41)
FN:135,(anonymous_43)
FN:136,(anonymous_44)
FN:142,(anonymous_45)
FN:159,(anonymous_46)
FN:160,(anonymous_47)
FN:160,(anonymous_48)
FN:162,(anonymous_50)
FN:181,(anonymous_51)
FN:206,(anonymous_53)
FN:212,(anonymous_54)
FN:221,(anonymous_55)
FN:222,(anonymous_56)
FN:224,(anonymous_57)
FN:236,(anonymous_59)
FN:242,(anonymous_60)
FNF:43
FNH:34
FNDA:1,(anonymous_14)
FNDA:14,System
FNDA:14,(anonymous_16)
FNDA:7,(anonymous_17)
FNDA:7,(anonymous_18)
FNDA:14,(anonymous_19)
FNDA:14,(anonymous_20)
FNDA:14,(anonymous_21)
FNDA:0,(anonymous_22)
FNDA:14,(anonymous_23)
FNDA:14,(anonymous_24)
FNDA:14,(anonymous_25)
FNDA:0,(anonymous_26)
FNDA:0,(anonymous_27)
FNDA:0,(anonymous_28)
FNDA:0,(anonymous_29)
FNDA:0,(anonymous_30)
FNDA:6,(anonymous_31)
FNDA:6,(anonymous_32)
FNDA:0,(anonymous_33)
FNDA:280,(anonymous_34)
FNDA:280,(anonymous_35)
FNDA:2,(anonymous_36)
FNDA:2,(anonymous_37)
FNDA:2,(anonymous_38)
FNDA:21,(anonymous_39)
FNDA:21,(anonymous_40)
FNDA:21,(anonymous_41)
FNDA:6,(anonymous_43)
FNDA:19,(anonymous_44)
FNDA:0,(anonymous_45)
FNDA:5,(anonymous_46)
FNDA:5,(anonymous_47)
FNDA:5,(anonymous_48)
FNDA:294,(anonymous_50)
FNDA:294,(anonymous_51)
FNDA:2,(anonymous_53)
FNDA:2,(anonymous_54)
FNDA:2,(anonymous_55)
FNDA:2,(anonymous_56)
FNDA:2,(anonymous_57)
FNDA:1,(anonymous_59)
FNDA:0,(anonymous_60)
DA:1,1
DA:4,1
DA:9,1
DA:10,14
DA:21,14
DA:22,14
DA:23,14
DA:24,14
DA:25,14
DA:27,14
DA:28,14
DA:32,14
DA:33,14
DA:34,14
DA:35,14
DA:37,0
DA:42,14
DA:43,14
DA:44,14
DA:45,14
DA:47,0
DA:52,1
DA:53,0
DA:54,0
DA:62,1
DA:63,0
DA:64,0
DA:72,6
DA:73,6
DA:74,6
DA:75,6
DA:76,0
DA:82,280
DA:83,6
DA:84,1
DA:90,280
DA:91,6
DA:92,3
DA:93,3
DA:98,2
DA:107,2
DA:108,2
DA:109,2
DA:110,2
DA:111,1
DA:116,1
DA:117,1
DA:118,1
DA:119,1
DA:123,1
DA:130,21
DA:131,21
DA:133,42
DA:134,20
DA:135,20
DA:136,19
DA:137,19
DA:138,19
DA:143,0
DA:147,1
DA:154,1
DA:159,5
DA:160,5
DA:161,5
DA:162,294
DA:165,5
DA:166,2
DA:174,10
DA:176,1
DA:180,5
DA:181,294
DA:183,5
DA:184,1
DA:185,0
DA:193,38
DA:194,38
DA:195,4
DA:206,4
DA:207,2
DA:208,2
DA:213,2
DA:221,2
DA:222,2
DA:224,2
DA:227,2
DA:228,1
DA:234,2
DA:235,2
DA:236,1
DA:237,1
DA:238,1
DA:243,0
DA:250,1
LF:93
LH:83
BRDA:75,0,0,0
BRDA:75,0,1,6
BRDA:83,1,0,1
BRDA:83,1,1,5
BRDA:91,2,0,3
BRDA:91,2,1,2
BRDA:110,3,0,1
BRDA:110,3,1,1
BRDA:117,4,0,1
BRDA:117,4,1,0
BRDA:135,5,0,19
BRDA:135,5,1,1
BRDA:165,6,0,2
BRDA:165,6,1,3
BRDA:183,7,0,1
BRDA:183,7,1,4
BRDA:184,8,0,0
BRDA:184,8,1,1
BRDA:194,9,0,4
BRDA:194,9,1,34
BRDA:227,10,0,1
BRDA:227,10,1,1
BRDA:235,11,0,1
BRDA:235,11,1,1
BRF:24
BRH:21
end_of_record
TN:
SF:src/controller/Validate.ts
FN:8,(anonymous_13)
FN:10,(anonymous_15)
FN:11,(anonymous_16)
FN:11,(anonymous_17)
FN:31,(anonymous_19)
FN:32,(anonymous_20)
FN:47,(anonymous_21)
FN:48,(anonymous_22)
FN:72,(anonymous_23)
FN:73,(anonymous_24)
FN:88,(anonymous_25)
FN:89,(anonymous_26)
FN:104,(anonymous_27)
FN:105,(anonymous_28)
FNF:14
FNH:14
FNDA:36,(anonymous_13)
FNDA:46,(anonymous_15)
FNDA:46,(anonymous_16)
FNDA:46,(anonymous_17)
FNDA:91,(anonymous_19)
FNDA:91,(anonymous_20)
FNDA:44,(anonymous_21)
FNDA:44,(anonymous_22)
FNDA:38,(anonymous_23)
FNDA:38,(anonymous_24)
FNDA:34,(anonymous_25)
FNDA:34,(anonymous_26)
FNDA:30,(anonymous_27)
FNDA:30,(anonymous_28)
DA:8,2
DA:10,46
DA:11,46
DA:13,92
DA:14,90
DA:15,88
DA:16,76
DA:17,68
DA:18,60
DA:20,28
DA:26,18
DA:31,2
DA:32,91
DA:33,91
DA:34,89
DA:39,2
DA:47,2
DA:48,44
DA:49,44
DA:50,44
DA:53,44
DA:54,44
DA:55,44
DA:57,44
DA:58,38
DA:63,6
DA:72,2
DA:73,38
DA:74,38
DA:75,34
DA:80,4
DA:88,2
DA:89,34
DA:90,34
DA:91,30
DA:96,4
DA:104,2
DA:105,30
DA:106,30
DA:107,28
DA:112,2
DA:119,2
LF:42
LH:42
BRDA:33,0,0,89
BRDA:33,0,1,2
BRDA:33,1,0,91
BRDA:33,1,1,90
BRDA:33,1,2,89
BRDA:57,2,0,38
BRDA:57,2,1,6
BRDA:57,3,0,44
BRDA:57,3,1,38
BRDA:57,3,2,38
BRDA:57,3,3,38
BRDA:57,3,4,38
BRDA:74,4,0,34
BRDA:74,4,1,4
BRDA:74,5,0,38
BRDA:74,5,1,37
BRDA:74,5,2,35
BRDA:90,6,0,30
BRDA:90,6,1,4
BRDA:90,7,0,34
BRDA:90,7,1,32
BRDA:90,7,2,31
BRDA:106,8,0,28
BRDA:106,8,1,2
BRDA:106,9,0,30
BRDA:106,9,1,30
BRDA:106,9,2,29
BRF:27
BRH:27
end_of_record
TN:
SF:src/model/Mongodb.ts
FN:7,(anonymous_14)
FN:10,Mongodb
FN:14,(anonymous_16)
FN:15,(anonymous_17)
FN:15,(anonymous_18)
FN:16,(anonymous_20)
FN:22,(anonymous_21)
FN:32,(anonymous_22)
FN:33,(anonymous_23)
FN:33,(anonymous_24)
FN:34,(anonymous_26)
FN:40,(anonymous_27)
FN:50,(anonymous_28)
FN:51,(anonymous_29)
FN:52,(anonymous_30)
FN:58,(anonymous_31)
FN:68,(anonymous_32)
FN:69,(anonymous_33)
FN:70,(anonymous_34)
FN:87,(anonymous_35)
FN:88,(anonymous_36)
FN:90,(anonymous_37)
FN:95,(anonymous_38)
FN:104,(anonymous_39)
FN:105,(anonymous_40)
FN:110,(anonymous_41)
FN:122,(anonymous_42)
FN:131,(anonymous_43)
FN:132,(anonymous_44)
FN:133,(anonymous_45)
FN:145,(anonymous_46)
FNF:31
FNH:28
FNDA:2,(anonymous_14)
FNDA:17,Mongodb
FNDA:20,(anonymous_16)
FNDA:20,(anonymous_17)
FNDA:20,(anonymous_18)
FNDA:20,(anonymous_20)
FNDA:0,(anonymous_21)
FNDA:20,(anonymous_22)
FNDA:20,(anonymous_23)
FNDA:20,(anonymous_24)
FNDA:20,(anonymous_26)
FNDA:0,(anonymous_27)
FNDA:3,(anonymous_28)
FNDA:3,(anonymous_29)
FNDA:3,(anonymous_30)
FNDA:0,(anonymous_31)
FNDA:17,(anonymous_32)
FNDA:17,(anonymous_33)
FNDA:17,(anonymous_34)
FNDA:26,(anonymous_35)
FNDA:26,(anonymous_36)
FNDA:25,(anonymous_37)
FNDA:1,(anonymous_38)
FNDA:7,(anonymous_39)
FNDA:7,(anonymous_40)
FNDA:4,(anonymous_41)
FNDA:3,(anonymous_42)
FNDA:4,(anonymous_43)
FNDA:4,(anonymous_44)
FNDA:3,(anonymous_45)
FNDA:1,(anonymous_46)
DA:4,2
DA:5,2
DA:7,2
DA:11,17
DA:14,20
DA:15,20
DA:16,20
DA:17,20
DA:18,20
DA:23,0
DA:24,0
DA:32,20
DA:33,20
DA:34,20
DA:35,20
DA:36,20
DA:41,0
DA:42,0
DA:50,2
DA:51,3
DA:52,3
DA:53,3
DA:54,3
DA:59,0
DA:60,0
DA:68,2
DA:69,17
DA:70,17
DA:71,17
DA:72,7
DA:78,17
DA:87,2
DA:88,26
DA:89,26
DA:90,26
DA:91,25
DA:96,1
DA:104,2
DA:105,7
DA:106,7
DA:107,7
DA:108,7
DA:109,7
DA:110,7
DA:111,4
DA:112,1
DA:118,4
DA:123,3
DA:131,2
DA:132,4
DA:133,4
DA:134,3
DA:135,1
DA:141,3
DA:146,1
DA:153,2
LF:56
LH:50
BRDA:71,0,0,7
BRDA:71,0,1,10
BRDA:111,1,0,1
BRDA:111,1,1,3
BRDA:134,2,0,1
BRDA:134,2,1,2
BRF:6
BRH:6
end_of_record
TN:
SF:src/model/User.ts
FNF:0
FNH:0
DA:1,2
DA:3,2
DA:19,2
DA:39,2
DA:41,2
LF:5
LH:5
BRF:0
BRH:0
end_of_record
