TN:
SF:src/controller/ISystem.ts
FN:61,(anonymous_0)
FNF:1
FNH:1
FNDA:2,(anonymous_0)
DA:61,2
DA:62,2
DA:63,2
LF:3
LH:3
BRDA:61,0,0,2
BRDA:61,0,1,2
BRF:2
BRH:2
end_of_record
TN:
SF:src/controller/System.ts
FN:8,(anonymous_14)
FN:13,System
FN:19,(anonymous_16)
FN:20,(anonymous_17)
FN:21,(anonymous_18)
FN:29,(anonymous_19)
FN:37,(anonymous_20)
FN:53,(anonymous_21)
FN:54,(anonymous_22)
FN:55,(anonymous_23)
FN:76,(anonymous_24)
FN:77,(anonymous_25)
FN:77,(anonymous_26)
FN:81,(anonymous_28)
FN:101,(anonymous_29)
FN:102,(anonymous_30)
FN:102,(anonymous_31)
FN:104,(anonymous_33)
FN:123,(anonymous_34)
FN:161,(anonymous_35)
FN:162,(anonymous_36)
FN:164,(anonymous_37)
FNF:22
FNH:22
FNDA:1,(anonymous_14)
FNDA:14,System
FNDA:7,(anonymous_16)
FNDA:7,(anonymous_17)
FNDA:1,(anonymous_18)
FNDA:7,(anonymous_19)
FNDA:7,(anonymous_20)
FNDA:2,(anonymous_21)
FNDA:2,(anonymous_22)
FNDA:2,(anonymous_23)
FNDA:21,(anonymous_24)
FNDA:21,(anonymous_25)
FNDA:21,(anonymous_26)
FNDA:6,(anonymous_28)
FNDA:5,(anonymous_29)
FNDA:5,(anonymous_30)
FNDA:5,(anonymous_31)
FNDA:10,(anonymous_33)
FNDA:10,(anonymous_34)
FNDA:2,(anonymous_35)
FNDA:2,(anonymous_36)
FNDA:2,(anonymous_37)
DA:3,1
DA:8,1
DA:14,14
DA:15,14
DA:16,14
DA:19,7
DA:20,7
DA:21,7
DA:22,7
DA:23,1
DA:29,7
DA:30,7
DA:31,1
DA:37,7
DA:38,7
DA:39,5
DA:40,5
DA:45,1
DA:53,2
DA:54,2
DA:55,2
DA:56,2
DA:57,1
DA:62,1
DA:63,1
DA:64,1
DA:65,1
DA:69,1
DA:76,21
DA:77,21
DA:79,42
DA:80,20
DA:81,20
DA:83,19
DA:84,19
DA:89,1
DA:96,1
DA:101,5
DA:102,5
DA:103,5
DA:104,10
DA:107,5
DA:108,1
DA:116,10
DA:118,1
DA:122,5
DA:123,10
DA:125,5
DA:126,2
DA:127,1
DA:136,5
DA:137,6
DA:138,4
DA:150,4
DA:155,4
DA:161,2
DA:162,2
DA:164,2
DA:167,2
DA:168,1
DA:175,2
DA:176,2
DA:178,1
DA:180,1
DA:185,1
DA:190,1
LF:66
LH:66
BRDA:22,0,0,1
BRDA:22,0,1,6
BRDA:30,1,0,1
BRDA:30,1,1,6
BRDA:38,2,0,5
BRDA:38,2,1,1
BRDA:56,3,0,1
BRDA:56,3,1,1
BRDA:63,4,0,1
BRDA:63,4,1,0
BRDA:81,5,0,19
BRDA:81,5,1,1
BRDA:107,6,0,1
BRDA:107,6,1,4
BRDA:125,7,0,2
BRDA:125,7,1,3
BRDA:126,8,0,1
BRDA:126,8,1,1
BRDA:137,9,0,4
BRDA:137,9,1,2
BRDA:167,10,0,1
BRDA:167,10,1,1
BRDA:176,11,0,1
BRDA:176,11,1,1
BRF:24
BRH:23
end_of_record
TN:
SF:src/controller/Validate.ts
FN:8,(anonymous_13)
FN:10,(anonymous_15)
FN:11,(anonymous_16)
FN:11,(anonymous_17)
FN:31,(anonymous_19)
FN:32,(anonymous_20)
FN:47,(anonymous_21)
FN:48,(anonymous_22)
FN:72,(anonymous_23)
FN:73,(anonymous_24)
FN:88,(anonymous_25)
FN:89,(anonymous_26)
FN:104,(anonymous_27)
FN:105,(anonymous_28)
FNF:14
FNH:14
FNDA:36,(anonymous_13)
FNDA:46,(anonymous_15)
FNDA:46,(anonymous_16)
FNDA:46,(anonymous_17)
FNDA:91,(anonymous_19)
FNDA:91,(anonymous_20)
FNDA:43,(anonymous_21)
FNDA:43,(anonymous_22)
FNDA:37,(anonymous_23)
FNDA:37,(anonymous_24)
FNDA:34,(anonymous_25)
FNDA:34,(anonymous_26)
FNDA:30,(anonymous_27)
FNDA:30,(anonymous_28)
DA:8,2
DA:10,46
DA:11,46
DA:13,92
DA:14,90
DA:15,86
DA:16,74
DA:17,68
DA:18,60
DA:20,28
DA:26,18
DA:31,2
DA:32,91
DA:33,91
DA:34,88
DA:39,3
DA:47,2
DA:48,43
DA:49,43
DA:50,43
DA:53,43
DA:54,43
DA:55,43
DA:57,43
DA:58,37
DA:63,6
DA:72,2
DA:73,37
DA:74,37
DA:75,34
DA:80,3
DA:88,2
DA:89,34
DA:90,34
DA:91,30
DA:96,4
DA:104,2
DA:105,30
DA:106,30
DA:107,28
DA:112,2
DA:119,2
LF:42
LH:42
BRDA:33,0,0,88
BRDA:33,0,1,3
BRDA:33,1,0,91
BRDA:33,1,1,90
BRDA:33,1,2,88
BRDA:57,2,0,37
BRDA:57,2,1,6
BRDA:57,3,0,43
BRDA:57,3,1,37
BRDA:57,3,2,37
BRDA:57,3,3,37
BRDA:57,3,4,37
BRDA:74,4,0,34
BRDA:74,4,1,3
BRDA:74,5,0,37
BRDA:74,5,1,36
BRDA:74,5,2,35
BRDA:90,6,0,30
BRDA:90,6,1,4
BRDA:90,7,0,34
BRDA:90,7,1,32
BRDA:90,7,2,31
BRDA:106,8,0,28
BRDA:106,8,1,2
BRDA:106,9,0,30
BRDA:106,9,1,30
BRDA:106,9,2,29
BRF:27
BRH:27
end_of_record
